{"log":
 [{"message":
   ".> LEAN_PATH=/home/agheieff/Arcadia/Collatz/cycles/binary_full/.lake/packages/Cli/.lake/build/lib/lean:/home/agheieff/Arcadia/Collatz/cycles/binary_full/.lake/packages/batteries/.lake/build/lib/lean:/home/agheieff/Arcadia/Collatz/cycles/binary_full/.lake/packages/Qq/.lake/build/lib/lean:/home/agheieff/Arcadia/Collatz/cycles/binary_full/.lake/packages/aesop/.lake/build/lib/lean:/home/agheieff/Arcadia/Collatz/cycles/binary_full/.lake/packages/proofwidgets/.lake/build/lib/lean:/home/agheieff/Arcadia/Collatz/cycles/binary_full/.lake/packages/importGraph/.lake/build/lib/lean:/home/agheieff/Arcadia/Collatz/cycles/binary_full/.lake/packages/LeanSearchClient/.lake/build/lib/lean:/home/agheieff/Arcadia/Collatz/cycles/binary_full/.lake/packages/plausible/.lake/build/lib/lean:/home/agheieff/Arcadia/Collatz/cycles/binary_full/.lake/packages/mathlib/.lake/build/lib/lean:/home/agheieff/Arcadia/Collatz/cycles/binary_full/.lake/build/lib/lean /home/agheieff/.elan/toolchains/leanprover--lean4---v4.21.0-rc3/bin/lean /home/agheieff/Arcadia/Collatz/cycles/binary_full/BinaryCollatzComplete.lean -R /home/agheieff/Arcadia/Collatz/cycles/binary_full -o /home/agheieff/Arcadia/Collatz/cycles/binary_full/.lake/build/lib/lean/BinaryCollatzComplete.olean -i /home/agheieff/Arcadia/Collatz/cycles/binary_full/.lake/build/lib/lean/BinaryCollatzComplete.ilean -c /home/agheieff/Arcadia/Collatz/cycles/binary_full/.lake/build/ir/BinaryCollatzComplete.c --json",
   "level": "trace"},
  {"message": "BinaryCollatzComplete.lean:83:6: declaration uses 'sorry'",
   "level": "warning"},
  {"message": "BinaryCollatzComplete.lean:114:6: declaration uses 'sorry'",
   "level": "warning"},
  {"message": "BinaryCollatzComplete.lean:171:6: declaration uses 'sorry'",
   "level": "warning"},
  {"message": "BinaryCollatzComplete.lean:242:6: declaration uses 'sorry'",
   "level": "warning"},
  {"message": "BinaryCollatzComplete.lean:294:6: declaration uses 'sorry'",
   "level": "warning"},
  {"message": "BinaryCollatzComplete.lean:313:6: declaration uses 'sorry'",
   "level": "warning"},
  {"message": "BinaryCollatzComplete.lean:381:6: declaration uses 'sorry'",
   "level": "warning"},
  {"message": "BinaryCollatzComplete.lean:408:6: declaration uses 'sorry'",
   "level": "warning"},
  {"message": "BinaryCollatzComplete.lean:449:6: declaration uses 'sorry'",
   "level": "warning"}],
 "inputs":
 [["BinaryCollatzComplete:deps",
   [["deps",
     [["«binary-collatz-proof»/BinaryCollatzComplete:extraDep",
       [["@«binary-collatz-proof»:extraDep", "1723"]]],
      ["import oleans",
       [["Mathlib.Data.Nat.Basic:olean",
         [["Mathlib.Data.Nat.Basic:deps", "10268030931461640212"],
          ["/home/agheieff/Arcadia/Collatz/cycles/binary_full/.lake/packages/mathlib/.lake/build/lib/lean/Mathlib/Data/Nat/Basic.olean",
           "3967745829641125194"]]],
        ["Mathlib.Data.Fintype.Card:olean",
         [["Mathlib.Data.Fintype.Card:deps", "16768132921627377752"],
          ["/home/agheieff/Arcadia/Collatz/cycles/binary_full/.lake/packages/mathlib/.lake/build/lib/lean/Mathlib/Data/Fintype/Card.olean",
           "15346022486345783185"]]],
        ["Mathlib.Algebra.Ring.Parity:olean",
         [["Mathlib.Algebra.Ring.Parity:deps", "2270461488212402936"],
          ["/home/agheieff/Arcadia/Collatz/cycles/binary_full/.lake/packages/mathlib/.lake/build/lib/lean/Mathlib/Algebra/Ring/Parity.olean",
           "15458623614953770040"]]],
        ["Mathlib.Tactic.Ring:olean",
         [["Mathlib.Tactic.Ring:deps", "16386515251735764165"],
          ["/home/agheieff/Arcadia/Collatz/cycles/binary_full/.lake/packages/mathlib/.lake/build/lib/lean/Mathlib/Tactic/Ring.olean",
           "10430271493450383481"]]],
        ["Mathlib.Tactic.Linarith:olean",
         [["Mathlib.Tactic.Linarith:deps", "2486303163327862996"],
          ["/home/agheieff/Arcadia/Collatz/cycles/binary_full/.lake/packages/mathlib/.lake/build/lib/lean/Mathlib/Tactic/Linarith.olean",
           "9696215023760213251"]]]]]]],
    ["libs",
     [["import dynlibs", "1723"],
      ["package external libraries", "1723"],
      ["module dynlibs", "1723"],
      ["module plugins", "1723"]]]]],
  ["Lean 4.21.0, commit 6741444a63eec253a7eae7a83f1beb3de015023d",
   "11123825329739276520"],
  ["Module.leanArgs: #[]", "1723"],
  ["/home/agheieff/Arcadia/Collatz/cycles/binary_full/BinaryCollatzComplete.lean",
   "13932235004506465852"]],
 "depHash": "9846100104936424000"}